Using pre-set license
Built from '2020.3/staging' branch; Version is '2020.3.0f1 (c7b5465681fb) revision 13088070'; Using compiler version '192528614'; Build Type 'Release'
OS: 'Windows 10 Home; OS build 19042.1348; Version 2009; 64bit' Language: 'en' Physical Memory: 15731 MB
BatchMode: 1, IsHumanControllingUs: 0, StartBugReporterOnCrash: 0, Is64bit: 1, IsPro: 0

 COMMAND LINE ARGUMENTS:
C:\Program Files\Unity\Hub\Editor\2020.3.0f1\Editor\Unity.exe
-adb2
-batchMode
-noUpm
-name
AssetImportWorker0
-projectPath
C:/Users/Ethan/Desktop/unity homework/Final tag game
-logFile
Logs/AssetImportWorker0.log
-srvPort
58070
Successfully changed project path to: C:/Users/Ethan/Desktop/unity homework/Final tag game
C:/Users/Ethan/Desktop/unity homework/Final tag game
Using Asset Import Pipeline V2.
Refreshing native plugins compatible for Editor in 37.14 ms, found 1 plugins.
Preloading 0 native plugins for Editor in 0.00 ms.
Initialize engine version: 2020.3.0f1 (c7b5465681fb)
[Subsystems] Discovering subsystems at path C:/Program Files/Unity/Hub/Editor/2020.3.0f1/Editor/Data/Resources/UnitySubsystems
[Subsystems] Discovering subsystems at path C:/Users/Ethan/Desktop/unity homework/Final tag game/Assets
GfxDevice: creating device client; threaded=0
Direct3D:
    Version:  Direct3D 11.0 [level 11.1]
    Renderer: NVIDIA GeForce GTX 1660 Ti (ID=0x2191)
    Vendor:   
    VRAM:     5991 MB
    Driver:   27.21.14.6280
Initialize mono
Mono path[0] = 'C:/Program Files/Unity/Hub/Editor/2020.3.0f1/Editor/Data/Managed'
Mono path[1] = 'C:/Program Files/Unity/Hub/Editor/2020.3.0f1/Editor/Data/MonoBleedingEdge/lib/mono/unityjit'
Mono config path = 'C:/Program Files/Unity/Hub/Editor/2020.3.0f1/Editor/Data/MonoBleedingEdge/etc'
Using monoOptions --debugger-agent=transport=dt_socket,embedding=1,server=y,suspend=n,address=127.0.0.1:56288
Begin MonoManager ReloadAssembly
Registering precompiled unity dll's ...
Register platform support module: C:/Program Files/Unity/Hub/Editor/2020.3.0f1/Editor/Data/PlaybackEngines/WindowsStandaloneSupport/UnityEditor.WindowsStandalone.Extensions.dll
Registered in 0.002041 seconds.
Native extension for WindowsStandalone target not found
Refreshing native plugins compatible for Editor in 37.32 ms, found 1 plugins.
Preloading 0 native plugins for Editor in 0.00 ms.
Invoked RoslynAnalysisRunner static constructor.
RoslynAnalysisRunner will not be running.
RoslynAnalysisRunner has terminated.
Mono: successfully reloaded assembly
- Completed reload, in  1.001 seconds
Platform modules already initialized, skipping
Registering precompiled user dll's ...
Registered in 0.001149 seconds.
Begin MonoManager ReloadAssembly
Native extension for WindowsStandalone target not found
Refreshing native plugins compatible for Editor in 43.72 ms, found 1 plugins.
Preloading 0 native plugins for Editor in 0.00 ms.
Invoked RoslynAnalysisRunner static constructor.
RoslynAnalysisRunner will not be running.
RoslynAnalysisRunner has terminated.
Mono: successfully reloaded assembly
- Completed reload, in  0.963 seconds
Platform modules already initialized, skipping
========================================================================
Worker process is ready to serve import requests
Launched and connected shader compiler UnityShaderCompiler.exe after 0.04 seconds
Refreshing native plugins compatible for Editor in 0.38 ms, found 1 plugins.
Preloading 0 native plugins for Editor in 0.00 ms.
Unloading 2107 Unused Serialized files (Serialized files now loaded: 0)
System memory in use before: 95.4 MB.
System memory in use after: 95.4 MB.

Unloading 26 unused Assets to reduce memory usage. Loaded Objects now: 2552.
Total: 2.782700 ms (FindLiveObjects: 0.468200 ms CreateObjectMapping: 0.068600 ms MarkObjects: 2.113300 ms  DeleteObjects: 0.130000 ms)

========================================================================
Received Import Request.
  path: Assets/Player1.inputactions
  artifactKey: Guid(cb47c32f89646d2458e3ac8cb611733c) Importer(815301076,1909f56bfc062723c751e8b465ee728b)
Start importing Assets/Player1.inputactions using Guid(cb47c32f89646d2458e3ac8cb611733c) Importer(815301076,1909f56bfc062723c751e8b465ee728b)  -> (artifact id: 'b5582cb046eacc913b5368add2b30eb7') in 0.034680 seconds
  Import took 0.038277 seconds .

========================================================================
Received Prepare
Refreshing native plugins compatible for Editor in 1.77 ms, found 1 plugins.
Preloading 0 native plugins for Editor in 0.00 ms.
Unloading 10 Unused Serialized files (Serialized files now loaded: 0)
System memory in use before: 54.1 MB.
System memory in use after: 54.1 MB.

Unloading 10 unused Assets to reduce memory usage. Loaded Objects now: 2552.
Total: 2.301500 ms (FindLiveObjects: 0.208600 ms CreateObjectMapping: 0.046700 ms MarkObjects: 1.942800 ms  DeleteObjects: 0.102200 ms)

========================================================================
Received Import Request.
  Time since last request: 26.964604 seconds.
  path: Assets/Player1.inputactions
  artifactKey: Guid(cb47c32f89646d2458e3ac8cb611733c) Importer(815301076,1909f56bfc062723c751e8b465ee728b)
Start importing Assets/Player1.inputactions using Guid(cb47c32f89646d2458e3ac8cb611733c) Importer(815301076,1909f56bfc062723c751e8b465ee728b)  -> (artifact id: '8131753f7a5efbe635277479c6da1735') in 0.006388 seconds
  Import took 0.009924 seconds .

========================================================================
Received Import Request.
  Time since last request: 6.887720 seconds.
  path: Assets/Player2.inputactions
  artifactKey: Guid(cb47c32f89646d2458e3ac8cb611733c) Importer(815301076,1909f56bfc062723c751e8b465ee728b)
Start importing Assets/Player2.inputactions using Guid(cb47c32f89646d2458e3ac8cb611733c) Importer(815301076,1909f56bfc062723c751e8b465ee728b)  -> (artifact id: '5b646cf78e867817655e2c013e71bb03') in 0.010135 seconds
  Import took 0.013617 seconds .

========================================================================
Received Prepare
Registering precompiled user dll's ...
Registered in 0.001146 seconds.
Begin MonoManager ReloadAssembly
Native extension for WindowsStandalone target not found
Refreshing native plugins compatible for Editor in 0.41 ms, found 1 plugins.
Preloading 0 native plugins for Editor in 0.00 ms.
Invoked RoslynAnalysisRunner static constructor.
RoslynAnalysisRunner will not be running.
RoslynAnalysisRunner has terminated.
Mono: successfully reloaded assembly
- Completed reload, in  0.812 seconds
Platform modules already initialized, skipping
Refreshing native plugins compatible for Editor in 0.37 ms, found 1 plugins.
Preloading 0 native plugins for Editor in 0.00 ms.
Unloading 2102 Unused Serialized files (Serialized files now loaded: 0)
System memory in use before: 95.6 MB.
System memory in use after: 95.5 MB.

Unloading 12 unused Assets to reduce memory usage. Loaded Objects now: 2556.
Total: 2.102300 ms (FindLiveObjects: 0.210300 ms CreateObjectMapping: 0.046600 ms MarkObjects: 1.743200 ms  DeleteObjects: 0.101000 ms)

========================================================================
Received Prepare
Registering precompiled user dll's ...
Registered in 0.001089 seconds.
Begin MonoManager ReloadAssembly
Native extension for WindowsStandalone target not found
Refreshing native plugins compatible for Editor in 0.38 ms, found 1 plugins.
Preloading 0 native plugins for Editor in 0.00 ms.
Invoked RoslynAnalysisRunner static constructor.
RoslynAnalysisRunner will not be running.
RoslynAnalysisRunner has terminated.
Mono: successfully reloaded assembly
- Completed reload, in  0.789 seconds
Platform modules already initialized, skipping
Refreshing native plugins compatible for Editor in 0.38 ms, found 1 plugins.
Preloading 0 native plugins for Editor in 0.00 ms.
Unloading 2102 Unused Serialized files (Serialized files now loaded: 0)
System memory in use before: 95.6 MB.
System memory in use after: 95.6 MB.

Unloading 12 unused Assets to reduce memory usage. Loaded Objects now: 2560.
Total: 2.517100 ms (FindLiveObjects: 0.212800 ms CreateObjectMapping: 0.048800 ms MarkObjects: 2.149000 ms  DeleteObjects: 0.105300 ms)

========================================================================
Received Prepare
Registering precompiled user dll's ...
Registered in 0.001499 seconds.
Begin MonoManager ReloadAssembly
Native extension for WindowsStandalone target not found
Refreshing native plugins compatible for Editor in 0.39 ms, found 1 plugins.
Preloading 0 native plugins for Editor in 0.00 ms.
Invoked RoslynAnalysisRunner static constructor.
RoslynAnalysisRunner will not be running.
RoslynAnalysisRunner has terminated.
Mono: successfully reloaded assembly
- Completed reload, in  0.796 seconds
Platform modules already initialized, skipping
Refreshing native plugins compatible for Editor in 0.39 ms, found 1 plugins.
Preloading 0 native plugins for Editor in 0.00 ms.
Unloading 2102 Unused Serialized files (Serialized files now loaded: 0)
System memory in use before: 95.6 MB.
System memory in use after: 95.6 MB.

Unloading 12 unused Assets to reduce memory usage. Loaded Objects now: 2564.
Total: 2.647100 ms (FindLiveObjects: 0.441300 ms CreateObjectMapping: 0.133700 ms MarkObjects: 1.957300 ms  DeleteObjects: 0.112800 ms)

========================================================================
Received Import Request.
  Time since last request: 348.485111 seconds.
  path: Assets/Player2.inputactions
  artifactKey: Guid(cb47c32f89646d2458e3ac8cb611733c) Importer(815301076,1909f56bfc062723c751e8b465ee728b)
Start importing Assets/Player2.inputactions using Guid(cb47c32f89646d2458e3ac8cb611733c) Importer(815301076,1909f56bfc062723c751e8b465ee728b)  -> (artifact id: '52a10d8e391bfc938c520830b21d0dd5') in 0.018762 seconds
  Import took 0.021836 seconds .

========================================================================
Received Prepare
Registering precompiled user dll's ...
Registered in 0.001158 seconds.
Begin MonoManager ReloadAssembly
Native extension for WindowsStandalone target not found
Refreshing native plugins compatible for Editor in 0.39 ms, found 1 plugins.
Preloading 0 native plugins for Editor in 0.00 ms.
Invoked RoslynAnalysisRunner static constructor.
RoslynAnalysisRunner will not be running.
RoslynAnalysisRunner has terminated.
Mono: successfully reloaded assembly
- Completed reload, in  0.810 seconds
Platform modules already initialized, skipping
Refreshing native plugins compatible for Editor in 0.40 ms, found 1 plugins.
Preloading 0 native plugins for Editor in 0.00 ms.
Unloading 2102 Unused Serialized files (Serialized files now loaded: 0)
System memory in use before: 95.7 MB.
System memory in use after: 95.7 MB.

Unloading 12 unused Assets to reduce memory usage. Loaded Objects now: 2568.
Total: 2.662500 ms (FindLiveObjects: 0.208200 ms CreateObjectMapping: 0.046500 ms MarkObjects: 2.295000 ms  DeleteObjects: 0.111700 ms)

========================================================================
Received Prepare
Registering precompiled user dll's ...
Registered in 0.002156 seconds.
Begin MonoManager ReloadAssembly
Native extension for WindowsStandalone target not found
Refreshing native plugins compatible for Editor in 0.49 ms, found 1 plugins.
Preloading 0 native plugins for Editor in 0.00 ms.
Invoked RoslynAnalysisRunner static constructor.
RoslynAnalysisRunner will not be running.
RoslynAnalysisRunner has terminated.
Mono: successfully reloaded assembly
- Completed reload, in  1.386 seconds
Platform modules already initialized, skipping
Refreshing native plugins compatible for Editor in 0.48 ms, found 1 plugins.
Preloading 0 native plugins for Editor in 0.00 ms.
Unloading 2102 Unused Serialized files (Serialized files now loaded: 0)
System memory in use before: 95.7 MB.
System memory in use after: 95.7 MB.

Unloading 12 unused Assets to reduce memory usage. Loaded Objects now: 2572.
Total: 2.858900 ms (FindLiveObjects: 0.347600 ms CreateObjectMapping: 0.091800 ms MarkObjects: 2.279100 ms  DeleteObjects: 0.138400 ms)

========================================================================
Received Prepare
Registering precompiled user dll's ...
Registered in 0.001155 seconds.
Begin MonoManager ReloadAssembly
Native extension for WindowsStandalone target not found
Refreshing native plugins compatible for Editor in 0.38 ms, found 1 plugins.
Preloading 0 native plugins for Editor in 0.00 ms.
Invoked RoslynAnalysisRunner static constructor.
RoslynAnalysisRunner will not be running.
RoslynAnalysisRunner has terminated.
Mono: successfully reloaded assembly
- Completed reload, in  0.773 seconds
Platform modules already initialized, skipping
Refreshing native plugins compatible for Editor in 0.38 ms, found 1 plugins.
Preloading 0 native plugins for Editor in 0.00 ms.
Unloading 2102 Unused Serialized files (Serialized files now loaded: 0)
System memory in use before: 95.7 MB.
System memory in use after: 95.7 MB.

Unloading 12 unused Assets to reduce memory usage. Loaded Objects now: 2576.
Total: 2.650200 ms (FindLiveObjects: 0.351700 ms CreateObjectMapping: 0.130300 ms MarkObjects: 2.053100 ms  DeleteObjects: 0.112900 ms)

========================================================================
Received Prepare
Registering precompiled user dll's ...
Registered in 0.001073 seconds.
Begin MonoManager ReloadAssembly
Native extension for WindowsStandalone target not found
Refreshing native plugins compatible for Editor in 0.39 ms, found 1 plugins.
Preloading 0 native plugins for Editor in 0.00 ms.
Invoked RoslynAnalysisRunner static constructor.
RoslynAnalysisRunner will not be running.
RoslynAnalysisRunner has terminated.
Mono: successfully reloaded assembly
- Completed reload, in  0.765 seconds
Platform modules already initialized, skipping
Refreshing native plugins compatible for Editor in 0.39 ms, found 1 plugins.
Preloading 0 native plugins for Editor in 0.00 ms.
Unloading 2102 Unused Serialized files (Serialized files now loaded: 0)
System memory in use before: 95.7 MB.
System memory in use after: 95.7 MB.

Unloading 12 unused Assets to reduce memory usage. Loaded Objects now: 2580.
Total: 2.373400 ms (FindLiveObjects: 0.299500 ms CreateObjectMapping: 0.052700 ms MarkObjects: 1.906000 ms  DeleteObjects: 0.113500 ms)

========================================================================
Received Prepare
Registering precompiled user dll's ...
Registered in 0.001042 seconds.
Begin MonoManager ReloadAssembly
Native extension for WindowsStandalone target not found
Refreshing native plugins compatible for Editor in 0.41 ms, found 1 plugins.
Preloading 0 native plugins for Editor in 0.00 ms.
Invoked RoslynAnalysisRunner static constructor.
RoslynAnalysisRunner will not be running.
RoslynAnalysisRunner has terminated.
Mono: successfully reloaded assembly
- Completed reload, in  0.735 seconds
Platform modules already initialized, skipping
Refreshing native plugins compatible for Editor in 0.38 ms, found 1 plugins.
Preloading 0 native plugins for Editor in 0.00 ms.
Unloading 2102 Unused Serialized files (Serialized files now loaded: 0)
System memory in use before: 95.7 MB.
System memory in use after: 95.7 MB.

Unloading 12 unused Assets to reduce memory usage. Loaded Objects now: 2584.
Total: 3.347800 ms (FindLiveObjects: 0.471600 ms CreateObjectMapping: 0.145100 ms MarkObjects: 2.619300 ms  DeleteObjects: 0.110400 ms)

========================================================================
Received Prepare
Registering precompiled user dll's ...
Registered in 0.001108 seconds.
Begin MonoManager ReloadAssembly
Native extension for WindowsStandalone target not found
Refreshing native plugins compatible for Editor in 0.39 ms, found 1 plugins.
Preloading 0 native plugins for Editor in 0.00 ms.
Invoked RoslynAnalysisRunner static constructor.
RoslynAnalysisRunner will not be running.
RoslynAnalysisRunner has terminated.
Mono: successfully reloaded assembly
- Completed reload, in  0.756 seconds
Platform modules already initialized, skipping
Refreshing native plugins compatible for Editor in 0.38 ms, found 1 plugins.
Preloading 0 native plugins for Editor in 0.00 ms.
Unloading 2102 Unused Serialized files (Serialized files now loaded: 0)
System memory in use before: 95.7 MB.
System memory in use after: 95.7 MB.

Unloading 12 unused Assets to reduce memory usage. Loaded Objects now: 2588.
Total: 2.136000 ms (FindLiveObjects: 0.247000 ms CreateObjectMapping: 0.047200 ms MarkObjects: 1.727300 ms  DeleteObjects: 0.113300 ms)

========================================================================
Received Import Request.
  Time since last request: 1251.541883 seconds.
  path: Assets/Player2.inputactions
  artifactKey: Guid(cb47c32f89646d2458e3ac8cb611733c) Importer(815301076,1909f56bfc062723c751e8b465ee728b)
Start importing Assets/Player2.inputactions using Guid(cb47c32f89646d2458e3ac8cb611733c) Importer(815301076,1909f56bfc062723c751e8b465ee728b)  -> (artifact id: '620680f1f5a99ceabe47418ad3b16fd8') in 0.020452 seconds
  Import took 0.024281 seconds .

========================================================================
Received Prepare
Registering precompiled user dll's ...
Registered in 0.001091 seconds.
Begin MonoManager ReloadAssembly
Native extension for WindowsStandalone target not found
Refreshing native plugins compatible for Editor in 0.45 ms, found 1 plugins.
Preloading 0 native plugins for Editor in 0.00 ms.
Invoked RoslynAnalysisRunner static constructor.
RoslynAnalysisRunner will not be running.
RoslynAnalysisRunner has terminated.
Mono: successfully reloaded assembly
- Completed reload, in  0.766 seconds
Platform modules already initialized, skipping
Refreshing native plugins compatible for Editor in 0.38 ms, found 1 plugins.
Preloading 0 native plugins for Editor in 0.00 ms.
Unloading 2102 Unused Serialized files (Serialized files now loaded: 0)
System memory in use before: 95.7 MB.
System memory in use after: 95.7 MB.

Unloading 12 unused Assets to reduce memory usage. Loaded Objects now: 2592.
Total: 3.084400 ms (FindLiveObjects: 0.275700 ms CreateObjectMapping: 0.109300 ms MarkObjects: 2.583000 ms  DeleteObjects: 0.115200 ms)

========================================================================
Received Prepare
Registering precompiled user dll's ...
Registered in 0.001187 seconds.
Begin MonoManager ReloadAssembly
Native extension for WindowsStandalone target not found
Refreshing native plugins compatible for Editor in 0.43 ms, found 1 plugins.
Preloading 0 native plugins for Editor in 0.00 ms.
Invoked RoslynAnalysisRunner static constructor.
RoslynAnalysisRunner will not be running.
RoslynAnalysisRunner has terminated.
Mono: successfully reloaded assembly
- Completed reload, in  0.747 seconds
Platform modules already initialized, skipping
Refreshing native plugins compatible for Editor in 0.38 ms, found 1 plugins.
Preloading 0 native plugins for Editor in 0.00 ms.
Unloading 2102 Unused Serialized files (Serialized files now loaded: 0)
System memory in use before: 95.7 MB.
System memory in use after: 95.7 MB.

Unloading 12 unused Assets to reduce memory usage. Loaded Objects now: 2596.
Total: 2.753800 ms (FindLiveObjects: 0.495800 ms CreateObjectMapping: 0.154200 ms MarkObjects: 1.991400 ms  DeleteObjects: 0.110500 ms)

========================================================================
Received Prepare
Registering precompiled user dll's ...
Registered in 0.001100 seconds.
Begin MonoManager ReloadAssembly
Native extension for WindowsStandalone target not found
Refreshing native plugins compatible for Editor in 0.40 ms, found 1 plugins.
Preloading 0 native plugins for Editor in 0.00 ms.
Invoked RoslynAnalysisRunner static constructor.
RoslynAnalysisRunner will not be running.
RoslynAnalysisRunner has terminated.
Mono: successfully reloaded assembly
- Completed reload, in  0.750 seconds
Platform modules already initialized, skipping
Refreshing native plugins compatible for Editor in 0.38 ms, found 1 plugins.
Preloading 0 native plugins for Editor in 0.00 ms.
Unloading 2102 Unused Serialized files (Serialized files now loaded: 0)
System memory in use before: 95.8 MB.
System memory in use after: 95.8 MB.

Unloading 12 unused Assets to reduce memory usage. Loaded Objects now: 2600.
Total: 2.786000 ms (FindLiveObjects: 0.364500 ms CreateObjectMapping: 0.140700 ms MarkObjects: 2.166200 ms  DeleteObjects: 0.112700 ms)

========================================================================
Received Prepare
Registering precompiled user dll's ...
Registered in 0.001249 seconds.
Begin MonoManager ReloadAssembly
Native extension for WindowsStandalone target not found
Refreshing native plugins compatible for Editor in 0.38 ms, found 1 plugins.
Preloading 0 native plugins for Editor in 0.00 ms.
Invoked RoslynAnalysisRunner static constructor.
RoslynAnalysisRunner will not be running.
RoslynAnalysisRunner has terminated.
Mono: successfully reloaded assembly
- Completed reload, in  0.769 seconds
Platform modules already initialized, skipping
Refreshing native plugins compatible for Editor in 0.39 ms, found 1 plugins.
Preloading 0 native plugins for Editor in 0.00 ms.
Unloading 2102 Unused Serialized files (Serialized files now loaded: 0)
System memory in use before: 95.8 MB.
System memory in use after: 95.8 MB.

Unloading 12 unused Assets to reduce memory usage. Loaded Objects now: 2604.
Total: 2.400500 ms (FindLiveObjects: 0.351100 ms CreateObjectMapping: 0.133800 ms MarkObjects: 1.801300 ms  DeleteObjects: 0.112500 ms)

========================================================================
Received Import Request.
  Time since last request: 1049.325468 seconds.
  path: Assets/InputSystem.inputsettings.asset
  artifactKey: Guid(e30f703f756f73d4c9ce101a414ad0bf) Importer(815301076,1909f56bfc062723c751e8b465ee728b)
Start importing Assets/InputSystem.inputsettings.asset using Guid(e30f703f756f73d4c9ce101a414ad0bf) Importer(815301076,1909f56bfc062723c751e8b465ee728b)  -> (artifact id: '2e94b340649831e29305cba8f728aa16') in 0.019900 seconds
  Import took 0.024247 seconds .

========================================================================
Received Prepare
Registering precompiled user dll's ...
Registered in 0.001106 seconds.
Begin MonoManager ReloadAssembly
Native extension for WindowsStandalone target not found
Refreshing native plugins compatible for Editor in 0.45 ms, found 1 plugins.
Preloading 0 native plugins for Editor in 0.00 ms.
Invoked RoslynAnalysisRunner static constructor.
RoslynAnalysisRunner will not be running.
RoslynAnalysisRunner has terminated.
Mono: successfully reloaded assembly
- Completed reload, in  0.769 seconds
Platform modules already initialized, skipping
Refreshing native plugins compatible for Editor in 0.39 ms, found 1 plugins.
Preloading 0 native plugins for Editor in 0.00 ms.
Unloading 2102 Unused Serialized files (Serialized files now loaded: 0)
System memory in use before: 95.8 MB.
System memory in use after: 95.8 MB.

Unloading 12 unused Assets to reduce memory usage. Loaded Objects now: 2608.
Total: 2.499900 ms (FindLiveObjects: 0.281300 ms CreateObjectMapping: 0.048800 ms MarkObjects: 2.053100 ms  DeleteObjects: 0.115400 ms)

========================================================================
Received Prepare
Registering precompiled user dll's ...
Registered in 0.001086 seconds.
Begin MonoManager ReloadAssembly
Native extension for WindowsStandalone target not found
Refreshing native plugins compatible for Editor in 0.38 ms, found 1 plugins.
Preloading 0 native plugins for Editor in 0.00 ms.
Invoked RoslynAnalysisRunner static constructor.
RoslynAnalysisRunner will not be running.
RoslynAnalysisRunner has terminated.
Mono: successfully reloaded assembly
- Completed reload, in  0.762 seconds
Platform modules already initialized, skipping
Refreshing native plugins compatible for Editor in 0.38 ms, found 1 plugins.
Preloading 0 native plugins for Editor in 0.00 ms.
Unloading 2102 Unused Serialized files (Serialized files now loaded: 0)
System memory in use before: 95.8 MB.
System memory in use after: 95.8 MB.

Unloading 12 unused Assets to reduce memory usage. Loaded Objects now: 2612.
Total: 2.101600 ms (FindLiveObjects: 0.218300 ms CreateObjectMapping: 0.048100 ms MarkObjects: 1.722600 ms  DeleteObjects: 0.110800 ms)

========================================================================
Received Prepare
Registering precompiled user dll's ...
Registered in 0.001139 seconds.
Begin MonoManager ReloadAssembly
Native extension for WindowsStandalone target not found
Refreshing native plugins compatible for Editor in 0.39 ms, found 1 plugins.
Preloading 0 native plugins for Editor in 0.00 ms.
Invoked RoslynAnalysisRunner static constructor.
RoslynAnalysisRunner will not be running.
RoslynAnalysisRunner has terminated.
Mono: successfully reloaded assembly
- Completed reload, in  0.776 seconds
Platform modules already initialized, skipping
Refreshing native plugins compatible for Editor in 0.38 ms, found 1 plugins.
Preloading 0 native plugins for Editor in 0.00 ms.
Unloading 2102 Unused Serialized files (Serialized files now loaded: 0)
System memory in use before: 95.8 MB.
System memory in use after: 95.8 MB.

Unloading 12 unused Assets to reduce memory usage. Loaded Objects now: 2616.
Total: 2.324800 ms (FindLiveObjects: 0.283300 ms CreateObjectMapping: 0.094400 ms MarkObjects: 1.832500 ms  DeleteObjects: 0.113200 ms)

========================================================================
Received Prepare
Registering precompiled user dll's ...
Registered in 0.001102 seconds.
Begin MonoManager ReloadAssembly
Native extension for WindowsStandalone target not found
Refreshing native plugins compatible for Editor in 0.40 ms, found 1 plugins.
Preloading 0 native plugins for Editor in 0.00 ms.
Invoked RoslynAnalysisRunner static constructor.
RoslynAnalysisRunner will not be running.
RoslynAnalysisRunner has terminated.
Mono: successfully reloaded assembly
- Completed reload, in  0.773 seconds
Platform modules already initialized, skipping
Refreshing native plugins compatible for Editor in 0.38 ms, found 1 plugins.
Preloading 0 native plugins for Editor in 0.00 ms.
Unloading 2102 Unused Serialized files (Serialized files now loaded: 0)
System memory in use before: 95.8 MB.
System memory in use after: 95.8 MB.

Unloading 12 unused Assets to reduce memory usage. Loaded Objects now: 2620.
Total: 2.692600 ms (FindLiveObjects: 0.318700 ms CreateObjectMapping: 0.101000 ms MarkObjects: 2.158100 ms  DeleteObjects: 0.113600 ms)

========================================================================
Received Prepare
Registering precompiled user dll's ...
Registered in 0.001225 seconds.
Begin MonoManager ReloadAssembly
Native extension for WindowsStandalone target not found
Refreshing native plugins compatible for Editor in 0.41 ms, found 1 plugins.
Preloading 0 native plugins for Editor in 0.00 ms.
Invoked RoslynAnalysisRunner static constructor.
RoslynAnalysisRunner will not be running.
RoslynAnalysisRunner has terminated.
Mono: successfully reloaded assembly
- Completed reload, in  0.865 seconds
Platform modules already initialized, skipping
Refreshing native plugins compatible for Editor in 0.38 ms, found 1 plugins.
Preloading 0 native plugins for Editor in 0.00 ms.
Unloading 2102 Unused Serialized files (Serialized files now loaded: 0)
System memory in use before: 95.8 MB.
System memory in use after: 95.8 MB.

Unloading 12 unused Assets to reduce memory usage. Loaded Objects now: 2624.
Total: 2.515200 ms (FindLiveObjects: 0.286800 ms CreateObjectMapping: 0.088500 ms MarkObjects: 1.981000 ms  DeleteObjects: 0.157200 ms)

========================================================================
Received Prepare
Registering precompiled user dll's ...
Registered in 0.001105 seconds.
Begin MonoManager ReloadAssembly
Native extension for WindowsStandalone target not found
Refreshing native plugins compatible for Editor in 0.41 ms, found 1 plugins.
Preloading 0 native plugins for Editor in 0.00 ms.
Invoked RoslynAnalysisRunner static constructor.
RoslynAnalysisRunner will not be running.
RoslynAnalysisRunner has terminated.
Mono: successfully reloaded assembly
- Completed reload, in  0.770 seconds
Platform modules already initialized, skipping
Refreshing native plugins compatible for Editor in 0.40 ms, found 1 plugins.
Preloading 0 native plugins for Editor in 0.00 ms.
Unloading 2102 Unused Serialized files (Serialized files now loaded: 0)
System memory in use before: 95.8 MB.
System memory in use after: 95.8 MB.

Unloading 12 unused Assets to reduce memory usage. Loaded Objects now: 2628.
Total: 2.926500 ms (FindLiveObjects: 0.366300 ms CreateObjectMapping: 0.134700 ms MarkObjects: 2.274900 ms  DeleteObjects: 0.148200 ms)

========================================================================
Received Prepare
Registering precompiled user dll's ...
Registered in 0.001229 seconds.
Begin MonoManager ReloadAssembly
Native extension for WindowsStandalone target not found
Refreshing native plugins compatible for Editor in 0.45 ms, found 1 plugins.
Preloading 0 native plugins for Editor in 0.00 ms.
Invoked RoslynAnalysisRunner static constructor.
RoslynAnalysisRunner will not be running.
RoslynAnalysisRunner has terminated.
Mono: successfully reloaded assembly
- Completed reload, in  0.756 seconds
Platform modules already initialized, skipping
Refreshing native plugins compatible for Editor in 0.39 ms, found 1 plugins.
Preloading 0 native plugins for Editor in 0.00 ms.
Unloading 2102 Unused Serialized files (Serialized files now loaded: 0)
System memory in use before: 95.8 MB.
System memory in use after: 95.8 MB.

Unloading 12 unused Assets to reduce memory usage. Loaded Objects now: 2632.
Total: 2.856100 ms (FindLiveObjects: 0.290700 ms CreateObjectMapping: 0.095400 ms MarkObjects: 2.247700 ms  DeleteObjects: 0.220700 ms)

========================================================================
Received Import Request.
  Time since last request: 71621.618016 seconds.
  path: Assets/Player2.inputactions
  artifactKey: Guid(cb47c32f89646d2458e3ac8cb611733c) Importer(815301076,1909f56bfc062723c751e8b465ee728b)
Start importing Assets/Player2.inputactions using Guid(cb47c32f89646d2458e3ac8cb611733c) Importer(815301076,1909f56bfc062723c751e8b465ee728b)  -> (artifact id: 'bcd7a574e061ea3a9ca40e7f7168891c') in 0.023417 seconds
  Import took 0.027866 seconds .

========================================================================
Received Prepare
Registering precompiled user dll's ...
Registered in 0.001092 seconds.
Begin MonoManager ReloadAssembly
Native extension for WindowsStandalone target not found
Refreshing native plugins compatible for Editor in 0.45 ms, found 1 plugins.
Preloading 0 native plugins for Editor in 0.00 ms.
Invoked RoslynAnalysisRunner static constructor.
RoslynAnalysisRunner will not be running.
RoslynAnalysisRunner has terminated.
Mono: successfully reloaded assembly
- Completed reload, in  0.755 seconds
Platform modules already initialized, skipping
Refreshing native plugins compatible for Editor in 0.38 ms, found 1 plugins.
Preloading 0 native plugins for Editor in 0.00 ms.
Unloading 2102 Unused Serialized files (Serialized files now loaded: 0)
System memory in use before: 95.9 MB.
System memory in use after: 95.8 MB.

Unloading 12 unused Assets to reduce memory usage. Loaded Objects now: 2636.
Total: 2.903700 ms (FindLiveObjects: 0.273900 ms CreateObjectMapping: 0.093400 ms MarkObjects: 2.413000 ms  DeleteObjects: 0.122500 ms)

========================================================================
Received Prepare
Registering precompiled user dll's ...
Registered in 0.001097 seconds.
Begin MonoManager ReloadAssembly
Native extension for WindowsStandalone target not found
Refreshing native plugins compatible for Editor in 0.41 ms, found 1 plugins.
Preloading 0 native plugins for Editor in 0.00 ms.
Invoked RoslynAnalysisRunner static constructor.
RoslynAnalysisRunner will not be running.
RoslynAnalysisRunner has terminated.
Mono: successfully reloaded assembly
- Completed reload, in  0.772 seconds
Platform modules already initialized, skipping
Refreshing native plugins compatible for Editor in 0.39 ms, found 1 plugins.
Preloading 0 native plugins for Editor in 0.00 ms.
Unloading 2102 Unused Serialized files (Serialized files now loaded: 0)
System memory in use before: 95.9 MB.
System memory in use after: 95.9 MB.

Unloading 12 unused Assets to reduce memory usage. Loaded Objects now: 2640.
Total: 2.857100 ms (FindLiveObjects: 0.282200 ms CreateObjectMapping: 0.094700 ms MarkObjects: 2.362500 ms  DeleteObjects: 0.115900 ms)

========================================================================
Received Import Request.
  Time since last request: 61.270800 seconds.
  path: Assets/InputSystem.inputsettings.asset
  artifactKey: Guid(e30f703f756f73d4c9ce101a414ad0bf) Importer(815301076,1909f56bfc062723c751e8b465ee728b)
Start importing Assets/InputSystem.inputsettings.asset using Guid(e30f703f756f73d4c9ce101a414ad0bf) Importer(815301076,1909f56bfc062723c751e8b465ee728b)  -> (artifact id: '7b7dd810eb4794b6397082dc51188813') in 0.018426 seconds
  Import took 0.021808 seconds .

========================================================================
Received Prepare
Registering precompiled user dll's ...
Registered in 0.001064 seconds.
Begin MonoManager ReloadAssembly
Native extension for WindowsStandalone target not found
Refreshing native plugins compatible for Editor in 0.39 ms, found 1 plugins.
Preloading 0 native plugins for Editor in 0.00 ms.
Invoked RoslynAnalysisRunner static constructor.
RoslynAnalysisRunner will not be running.
RoslynAnalysisRunner has terminated.
Mono: successfully reloaded assembly
- Completed reload, in  0.794 seconds
Platform modules already initialized, skipping
Refreshing native plugins compatible for Editor in 0.43 ms, found 1 plugins.
Preloading 0 native plugins for Editor in 0.00 ms.
Unloading 2102 Unused Serialized files (Serialized files now loaded: 0)
System memory in use before: 95.9 MB.
System memory in use after: 95.9 MB.

Unloading 12 unused Assets to reduce memory usage. Loaded Objects now: 2644.
Total: 2.479100 ms (FindLiveObjects: 0.278700 ms CreateObjectMapping: 0.077700 ms MarkObjects: 2.008800 ms  DeleteObjects: 0.112700 ms)

========================================================================
Received Import Request.
  Time since last request: 143.544578 seconds.
  path: Assets/Player2.inputactions
  artifactKey: Guid(cb47c32f89646d2458e3ac8cb611733c) Importer(815301076,1909f56bfc062723c751e8b465ee728b)
Start importing Assets/Player2.inputactions using Guid(cb47c32f89646d2458e3ac8cb611733c) Importer(815301076,1909f56bfc062723c751e8b465ee728b)  -> (artifact id: 'a38bc7a00334058bd73eea029ad1e207') in 0.020868 seconds
  Import took 0.024991 seconds .

========================================================================
Received Prepare
Registering precompiled user dll's ...
Registered in 0.001080 seconds.
Begin MonoManager ReloadAssembly
Native extension for WindowsStandalone target not found
Refreshing native plugins compatible for Editor in 0.40 ms, found 1 plugins.
Preloading 0 native plugins for Editor in 0.00 ms.
Invoked RoslynAnalysisRunner static constructor.
RoslynAnalysisRunner will not be running.
RoslynAnalysisRunner has terminated.
Mono: successfully reloaded assembly
- Completed reload, in  0.778 seconds
Platform modules already initialized, skipping
Refreshing native plugins compatible for Editor in 0.40 ms, found 1 plugins.
Preloading 0 native plugins for Editor in 0.00 ms.
Unloading 2102 Unused Serialized files (Serialized files now loaded: 0)
System memory in use before: 95.9 MB.
System memory in use after: 95.9 MB.

Unloading 12 unused Assets to reduce memory usage. Loaded Objects now: 2648.
Total: 2.599000 ms (FindLiveObjects: 0.374900 ms CreateObjectMapping: 0.135400 ms MarkObjects: 1.973700 ms  DeleteObjects: 0.113300 ms)

========================================================================
Received Import Request.
  Time since last request: 58.829330 seconds.
  path: Assets/Player2.inputactions
  artifactKey: Guid(cb47c32f89646d2458e3ac8cb611733c) Importer(815301076,1909f56bfc062723c751e8b465ee728b)
Start importing Assets/Player2.inputactions using Guid(cb47c32f89646d2458e3ac8cb611733c) Importer(815301076,1909f56bfc062723c751e8b465ee728b)  -> (artifact id: '11aea44c84e13032f7a6c653b8156c86') in 0.019353 seconds
  Import took 0.022553 seconds .

========================================================================
Received Import Request.
  Time since last request: 0.001361 seconds.
  path: Assets/Player2.inputactions
  artifactKey: Guid(cb47c32f89646d2458e3ac8cb611733c) Importer(815301076,1909f56bfc062723c751e8b465ee728b)
Start importing Assets/Player2.inputactions using Guid(cb47c32f89646d2458e3ac8cb611733c) Importer(815301076,1909f56bfc062723c751e8b465ee728b)  -> (artifact id: '11aea44c84e13032f7a6c653b8156c86') in 0.006742 seconds
  Import took 0.011053 seconds .

========================================================================
Received Import Request.
  Time since last request: 4.631403 seconds.
  path: Assets/Player2.inputactions
  artifactKey: Guid(cb47c32f89646d2458e3ac8cb611733c) Importer(815301076,1909f56bfc062723c751e8b465ee728b)
Start importing Assets/Player2.inputactions using Guid(cb47c32f89646d2458e3ac8cb611733c) Importer(815301076,1909f56bfc062723c751e8b465ee728b)  -> (artifact id: 'e3edc08d3a2ddafe13b74852046b22de') in 0.006929 seconds
  Import took 0.011155 seconds .

========================================================================
Received Import Request.
  Time since last request: 22.626196 seconds.
  path: Assets/Player2.inputactions
  artifactKey: Guid(cb47c32f89646d2458e3ac8cb611733c) Importer(815301076,1909f56bfc062723c751e8b465ee728b)
Start importing Assets/Player2.inputactions using Guid(cb47c32f89646d2458e3ac8cb611733c) Importer(815301076,1909f56bfc062723c751e8b465ee728b)  -> (artifact id: '71c4a2f9e7d918e917431cbe549316f8') in 0.006998 seconds
  Import took 0.010741 seconds .

========================================================================
Received Import Request.
  Time since last request: 146.057554 seconds.
  path: Assets/Player2.inputactions
  artifactKey: Guid(cb47c32f89646d2458e3ac8cb611733c) Importer(815301076,1909f56bfc062723c751e8b465ee728b)
Start importing Assets/Player2.inputactions using Guid(cb47c32f89646d2458e3ac8cb611733c) Importer(815301076,1909f56bfc062723c751e8b465ee728b)  -> (artifact id: 'd665f9e1d7a65e4513f13293004c27cb') in 0.006749 seconds
  Import took 0.010563 seconds .

AssetImportWorkerClient::OnTransportError - code=2 error=End of file
